<?xml version="1.0" encoding="UTF-8"?>
<!-- Generated by org.testng.reporters.JUnitReportReporter -->
<testsuite skipped="0" hostname="DESKTOP-1906I2D" name="cts.testng.practise.ExtentReportDemo" tests="1" failures="0" timestamp="2020-03-28T10:35:12 IST" time="0.442" errors="0">
  <testcase name="loginTest" time="0.442" classname="cts.testng.practise.ExtentReportDemo"/>
  <system-out/>
</testsuite> <!-- cts.testng.practise.ExtentReportDemo -->
