<?xml version="1.0" encoding="UTF-8"?>
<!-- Generated by org.testng.reporters.JUnitReportReporter -->
<testsuite skipped="0" hostname="DESKTOP-1906I2D" name="cts.testng.practise.Display" tests="8" failures="0" timestamp="2020-03-24T22:39:57 IST" time="0.012" errors="0">
  <testcase name="admin2" time="0.001" classname="cts.testng.practise.Display"/>
  <system-out/>
  <testcase name="vendor2" time="0.000" classname="cts.testng.practise.Display"/>
  <system-out/>
  <testcase name="customer3" time="0.000" classname="cts.testng.practise.Display"/>
  <system-out/>
  <testcase name="customer2" time="0.001" classname="cts.testng.practise.Display"/>
  <system-out/>
  <testcase name="admin1" time="0.008" classname="cts.testng.practise.Display"/>
  <system-out/>
  <testcase name="customer1" time="0.000" classname="cts.testng.practise.Display"/>
  <system-out/>
  <testcase name="vendor3" time="0.001" classname="cts.testng.practise.Display"/>
  <system-out/>
  <testcase name="vendor1" time="0.001" classname="cts.testng.practise.Display"/>
  <system-out/>
</testsuite> <!-- cts.testng.practise.Display -->
