<?xml version="1.0" encoding="UTF-8"?>
<!-- Generated by org.testng.reporters.JUnitReportReporter -->
<testsuite skipped="0" hostname="DESKTOP-1906I2D" name="cts.miniproject.test.VerifyWordpressLogin" tests="1" failures="0" timestamp="2020-03-26T11:05:43 IST" time="17.426" errors="0">
  <testcase name="verifyValidLogin" time="17.426" classname="cts.miniproject.test.VerifyWordpressLogin"/>
  <system-out/>
</testsuite> <!-- cts.miniproject.test.VerifyWordpressLogin -->
