<?xml version="1.0" encoding="UTF-8"?>
<!-- Generated by org.testng.reporters.JUnitReportReporter -->
<testsuite skipped="0" hostname="DESKTOP-1906I2D" name="cts.testng.practise.TestSelenium" tests="1" failures="0" timestamp="2020-03-25T16:07:44 IST" time="0.010" errors="0">
  <testcase name="testconfig" time="0.010" classname="cts.testng.practise.TestSelenium"/>
  <system-out/>
</testsuite> <!-- cts.testng.practise.TestSelenium -->
